warning: Git tree '/home/infktd/.config/asthenia' is dirty
Using saved setting for 'extra-substituters = https://cache.nixos.org' from ~/.local/share/nix/trusted-settings.json.
Using saved setting for 'extra-trusted-public-keys = cache.nixos.org-1:6NCHdD59X431o0gWypbMrAURkbJ16ZPMQFGspcDShjY=' from ~/.local/share/nix/trusted-settings.json.
error:
       … while calling the 'seq' builtin
         at «git+https://github.com/NixOS/nixpkgs?ref=nixos-unstable&rev=5912c1772a44e31bf1c63c0390b90501e5026886&shallow=1»/lib/modules.nix:361:18:
          360|         options = checked options;
          361|         config = checked (removeAttrs config [ "_module" ]);
             |                  ^
          362|         _module = checked (config._module);

       … while evaluating a branch condition
         at «git+https://github.com/NixOS/nixpkgs?ref=nixos-unstable&rev=5912c1772a44e31bf1c63c0390b90501e5026886&shallow=1»/lib/modules.nix:297:9:
          296|       checkUnmatched =
          297|         if config._module.check && config._module.freeformType == null && merged.unmatchedDefns != [ ] then
             |         ^
          298|           let

       (stack trace truncated; use '--show-trace' to show the full, detailed trace)

       error: attribute 'niri' missing
       at /home/infktd/.config/asthenia/system/wm/niri.nix:6:5:
            5|     inputs.dms.nixosModules.dank-material-shell
            6|     inputs.dms.nixosModules.niri
             |     ^
            7|   ];
Command 'nix --extra-experimental-features 'nix-command flakes' build --print-out-paths '.#nixosConfigurations."arasaka".config.system.build.nixos-rebuild' --no-link' returned non-zero exit status 1.
